<?xml version="1.0" encoding="UTF-8"?>
<!-- Generated by org.testng.reporters.JUnitReportReporter -->
<testsuite hostname="DESKTOP-3FP63OO" failures="0" tests="1" name="testCases.TC002_LoginTest" time="2.680" errors="0" timestamp="2024-12-26T00:41:31 IST" skipped="0">
  <testcase classname="testCases.TC002_LoginTest" name="verifyLogin" time="2.680"/>
</testsuite> <!-- testCases.TC002_LoginTest -->
