<?xml version="1.0" encoding="UTF-8"?>
<!-- Generated by org.testng.reporters.JUnitReportReporter -->
<testsuite hostname="DESKTOP-3FP63OO" failures="0" tests="1" name="testCases.TC001_AccountRegistrationTest" time="4.527" errors="0" timestamp="2024-12-26T00:36:48 IST" skipped="0">
  <testcase classname="testCases.TC001_AccountRegistrationTest" name="verifyAccountRegistration" time="4.527"/>
</testsuite> <!-- testCases.TC001_AccountRegistrationTest -->
