<?xml version="1.0" encoding="UTF-8"?>
<!-- Generated by org.testng.reporters.JUnitReportReporter -->
<testsuite hostname="DESKTOP-3FP63OO" failures="0" tests="1" name="testCases.TC001_AccountRegistrationTest" time="6.236" errors="0" timestamp="2024-12-26T18:21:13 IST" skipped="0">
  <testcase classname="testCases.TC001_AccountRegistrationTest" name="verifyAccountRegistration" time="6.236"/>
</testsuite> <!-- testCases.TC001_AccountRegistrationTest -->
