<?xml version="1.0" encoding="UTF-8"?>
<!-- Generated by org.testng.reporters.JUnitReportReporter -->
<testsuite hostname="DESKTOP-3FP63OO" failures="0" tests="1" name="testCases.TC002_LoginTest" time="7.367" errors="0" timestamp="2024-12-26T18:21:13 IST" skipped="0">
  <testcase classname="testCases.TC002_LoginTest" name="verifyLogin" time="7.367"/>
</testsuite> <!-- testCases.TC002_LoginTest -->
