<?xml version="1.0" encoding="UTF-8"?>
<!-- Generated by org.testng.reporters.JUnitReportReporter -->
<testsuite hostname="DESKTOP-3FP63OO" failures="0" tests="1" name="testCases.TC001_AccountRegistrationTest" time="16.016" errors="0" timestamp="2024-12-27T14:29:03 IST" skipped="0">
  <testcase classname="testCases.TC001_AccountRegistrationTest" name="verifyAccountRegistration" time="16.016"/>
</testsuite> <!-- testCases.TC001_AccountRegistrationTest -->
